{"/Users/johntucker/Documents/scaffold/src/foo.ts": {"path":"/Users/johntucker/Documents/scaffold/src/foo.ts","statementMap":{"0":{"start":{"line":2,"column":2},"end":{"line":3,"column":38}},"1":{"start":{"line":2,"column":3},"end":{"line":2,"column":16}},"2":{"start":{"line":2,"column":3},"end":{"line":2,"column":17}},"3":{"start":{"line":3,"column":2},"end":{"line":3,"column":38}},"4":{"start":{"line":3,"column":25},"end":{"line":3,"column":34}}},"fnMap":{"0":{"name":"(anonymous_0)","decl":{"start":{"line":2,"column":2},"end":{"line":null,"column":-1}},"loc":{"start":{"line":2,"column":2},"end":{"line":3,"column":38}}},"1":{"name":"(anonymous_1)","decl":{"start":{"line":3,"column":11},"end":{"line":3,"column":11}},"loc":{"start":{"line":3,"column":20},"end":{"line":3,"column":34}}}},"branchMap":{},"s":{"0":1,"1":2,"2":2,"3":2,"4":2},"f":{"0":2,"1":2},"b":{}}
,"/Users/johntucker/Documents/scaffold/src/components/App.tsx": {"path":"/Users/johntucker/Documents/scaffold/src/components/App.tsx","statementMap":{"0":{"start":{"line":11,"column":27},"end":{"line":11,"column":34}},"1":{"start":{"line":12,"column":2},"end":{"line":18,"column":4}}},"fnMap":{"0":{"name":"(anonymous_0)","decl":{"start":{"line":11,"column":14},"end":{"line":11,"column":24}},"loc":{"start":{"line":11,"column":46},"end":{"line":19,"column":1}}}},"branchMap":{},"s":{"0":1,"1":1},"f":{"0":1},"b":{}}
,"/Users/johntucker/Documents/scaffold/src/components/Wow.tsx": {"path":"/Users/johntucker/Documents/scaffold/src/components/Wow.tsx","statementMap":{"0":{"start":{"line":5,"column":2},"end":{"line":7,"column":4}}},"fnMap":{"0":{"name":"(anonymous_0)","decl":{"start":{"line":4,"column":14},"end":{"line":null,"column":-1}},"loc":{"start":{"line":4,"column":14},"end":{"line":8,"column":1}}}},"branchMap":{},"s":{"0":2},"f":{"0":2},"b":{}}
}
